<?xml version="1.0" encoding="UTF-8"?>
<testng-results ignored="0" total="2" passed="2" failed="0" skipped="0">
  <reporter-output>
  </reporter-output>
  <suite started-at="2023-02-23T20:27:42 EST" name="OpencartSuite" finished-at="2023-02-23T20:28:02 EST" duration-ms="19414">
    <groups>
      <group name="Master">
        <method signature="TC_001_AccountRegistrationTest.test_account_Registration()[pri:0, instance:testCases.TC_001_AccountRegistrationTest@2af004b]" name="test_account_Registration" class="testCases.TC_001_AccountRegistrationTest"/>
        <method signature="TC_002_LoginTest.test_login()[pri:0, instance:testCases.TC_002_LoginTest@3e27ba32]" name="test_login" class="testCases.TC_002_LoginTest"/>
      </group> <!-- Master -->
      <group name="Sanity">
        <method signature="TC_002_LoginTest.test_login()[pri:0, instance:testCases.TC_002_LoginTest@3e27ba32]" name="test_login" class="testCases.TC_002_LoginTest"/>
      </group> <!-- Sanity -->
      <group name="Regression">
        <method signature="TC_001_AccountRegistrationTest.test_account_Registration()[pri:0, instance:testCases.TC_001_AccountRegistrationTest@2af004b]" name="test_account_Registration" class="testCases.TC_001_AccountRegistrationTest"/>
      </group> <!-- Regression -->
    </groups>
    <test started-at="2023-02-23T20:27:42 EST" name="OpencartTest" finished-at="2023-02-23T20:28:02 EST" duration-ms="19414">
      <class name="testCases.TC_001_AccountRegistrationTest">
        <test-method is-config="true" signature="setup(java.lang.String)[pri:0, instance:testCases.TC_001_AccountRegistrationTest@2af004b]" started-at="2023-02-23T20:27:43 EST" name="setup" finished-at="2023-02-23T20:27:50 EST" duration-ms="7553" status="PASS">
          <params>
            <param index="0">
              <value>
                <![CDATA[chrome]]>
              </value>
            </param>
          </params>
          <reporter-output>
          </reporter-output>
        </test-method> <!-- setup -->
        <test-method signature="test_account_Registration()[pri:0, instance:testCases.TC_001_AccountRegistrationTest@2af004b]" started-at="2023-02-23T20:27:50 EST" name="test_account_Registration" finished-at="2023-02-23T20:27:54 EST" duration-ms="3766" status="PASS">
          <reporter-output>
          </reporter-output>
        </test-method> <!-- test_account_Registration -->
        <test-method is-config="true" signature="TearDown()[pri:0, instance:testCases.TC_001_AccountRegistrationTest@2af004b]" started-at="2023-02-23T20:27:54 EST" name="TearDown" finished-at="2023-02-23T20:27:54 EST" duration-ms="268" status="PASS">
          <reporter-output>
          </reporter-output>
        </test-method> <!-- TearDown -->
      </class> <!-- testCases.TC_001_AccountRegistrationTest -->
      <class name="testCases.TC_002_LoginTest">
        <test-method is-config="true" signature="setup(java.lang.String)[pri:0, instance:testCases.TC_002_LoginTest@3e27ba32]" started-at="2023-02-23T20:27:54 EST" name="setup" finished-at="2023-02-23T20:28:00 EST" duration-ms="5729" status="PASS">
          <params>
            <param index="0">
              <value>
                <![CDATA[chrome]]>
              </value>
            </param>
          </params>
          <reporter-output>
          </reporter-output>
        </test-method> <!-- setup -->
        <test-method signature="test_login()[pri:0, instance:testCases.TC_002_LoginTest@3e27ba32]" started-at="2023-02-23T20:28:00 EST" name="test_login" finished-at="2023-02-23T20:28:01 EST" duration-ms="1406" status="PASS">
          <reporter-output>
          </reporter-output>
        </test-method> <!-- test_login -->
        <test-method is-config="true" signature="TearDown()[pri:0, instance:testCases.TC_002_LoginTest@3e27ba32]" started-at="2023-02-23T20:28:01 EST" name="TearDown" finished-at="2023-02-23T20:28:02 EST" duration-ms="318" status="PASS">
          <reporter-output>
          </reporter-output>
        </test-method> <!-- TearDown -->
      </class> <!-- testCases.TC_002_LoginTest -->
    </test> <!-- OpencartTest -->
  </suite> <!-- OpencartSuite -->
</testng-results>
